<?xml version="1.0" encoding="UTF-8"?>
<!-- Generated by org.testng.reporters.JUnitReportReporter -->
<testsuite hostname="NOI-PG037B2M" failures="0" tests="1" name="SeleniumPackage1.SeleniumProject1.Amz_LastProductRatingTest" time="19.937" errors="0" timestamp="2024-11-03T16:15:34 IST" skipped="0">
  <testcase classname="SeleniumPackage1.SeleniumProject1.Amz_LastProductRatingTest" name="ProductRatingTest" time="19.937"/>
  <system-out>
    <![CDATA[Test Case is Pass]]>
  </system-out>
</testsuite> <!-- SeleniumPackage1.SeleniumProject1.Amz_LastProductRatingTest -->
