<?xml version="1.0" encoding="UTF-8"?>
<!-- Generated by org.testng.reporters.JUnitReportReporter -->
<testsuite hostname="NOI-PG037B2M" failures="0" tests="1" name="SeleniumPackage1.SeleniumProject1.Amz_ProductDetail_Test" time="11.087" errors="0" timestamp="2024-10-27T02:46:55 IST" skipped="0">
  <testcase classname="SeleniumPackage1.SeleniumProject1.Amz_ProductDetail_Test" name="ProductDetail" time="11.087"/>
  <system-out>
    <![CDATA[Test Case is Pass]]>
  </system-out>
</testsuite> <!-- SeleniumPackage1.SeleniumProject1.Amz_ProductDetail_Test -->
