<?xml version="1.0" encoding="UTF-8"?>
<!-- Generated by org.testng.reporters.JUnitReportReporter -->
<testsuite hostname="NOI-PG037B2M" failures="0" tests="1" name="SeleniumPackage1.SeleniumProject1.Amz_LoginTest" time="11.918" errors="0" timestamp="2024-11-03T18:36:27 IST" skipped="0">
  <testcase classname="SeleniumPackage1.SeleniumProject1.Amz_LoginTest" name="LoginTest" time="11.918"/>
  <system-out>
    <![CDATA[Test case is Pass]]>
  </system-out>
</testsuite> <!-- SeleniumPackage1.SeleniumProject1.Amz_LoginTest -->
