<?xml version="1.0" encoding="UTF-8"?>
<!-- Generated by org.testng.reporters.JUnitReportReporter -->
<testsuite hostname="NOI-PG037B2M" failures="0" tests="1" name="SeleniumPackage1.SeleniumProject1.Amz_UpdatingAndRemovingCartItem" time="21.226" errors="0" timestamp="2024-11-02T15:06:50 IST" skipped="0">
  <testcase classname="SeleniumPackage1.SeleniumProject1.Amz_UpdatingAndRemovingCartItem" name="UpdateItem" time="21.226"/>
  <system-out>
    <![CDATA[Test Case is Pass]]>
  </system-out>
</testsuite> <!-- SeleniumPackage1.SeleniumProject1.Amz_UpdatingAndRemovingCartItem -->
