<?xml version="1.0" encoding="UTF-8"?>
<!-- Generated by org.testng.reporters.JUnitReportReporter -->
<testsuite hostname="NOI-PG037B2M" failures="0" tests="1" name="SeleniumPackage1.SeleniumProject1.Amz_SelectEachPaymentMethod" time="27.520" errors="0" timestamp="2024-11-02T22:57:25 IST" skipped="0">
  <testcase classname="SeleniumPackage1.SeleniumProject1.Amz_SelectEachPaymentMethod" name="CheckoutTest" time="27.520"/>
  <system-out>
    <![CDATA[Test Case is Pass]]>
  </system-out>
</testsuite> <!-- SeleniumPackage1.SeleniumProject1.Amz_SelectEachPaymentMethod -->
