<?xml version="1.0" encoding="UTF-8"?>
<!-- Generated by org.testng.reporters.JUnitReportReporter -->
<testsuite hostname="NOI-PG037B2M" failures="0" tests="3" name="SeleniumPackage1.SeleniumProject1.TestCaseDummy" time="18.656" errors="0" timestamp="2024-10-17T18:30:29 IST" skipped="0">
  <testcase classname="SeleniumPackage1.SeleniumProject1.TestCaseDummy" name="testmethod" time="8.609"/>
  <system-out>
    <![CDATA[Test Case is Pass]]>
  </system-out>
  <testcase classname="SeleniumPackage1.SeleniumProject1.TestCaseDummy" name="testmethod" time="5.372"/>
  <system-out>
    <![CDATA[Test Case is Pass]]>
  </system-out>
  <testcase classname="SeleniumPackage1.SeleniumProject1.TestCaseDummy" name="testmethod" time="4.675"/>
  <system-out>
    <![CDATA[Test Case is Pass]]>
  </system-out>
</testsuite> <!-- SeleniumPackage1.SeleniumProject1.TestCaseDummy -->
