<?xml version="1.0" encoding="UTF-8"?>
<!-- Generated by org.testng.reporters.JUnitReportReporter -->
<testsuite hostname="NOI-PG037B2M" failures="0" tests="1" name="SeleniumPackage1.SeleniumProject1.Amz_Login_Test" time="13.524" errors="0" timestamp="2024-10-28T00:53:02 IST" skipped="0">
  <testcase classname="SeleniumPackage1.SeleniumProject1.Amz_Login_Test" name="LoginPage_Test" time="13.524"/>
  <system-out>
    <![CDATA[Test Case is Pass]]>
  </system-out>
</testsuite> <!-- SeleniumPackage1.SeleniumProject1.Amz_Login_Test -->
