<?xml version="1.0" encoding="UTF-8"?>
<!-- Generated by org.testng.reporters.JUnitReportReporter -->
<testsuite hostname="NOI-PG037B2M" failures="0" tests="1" name="SeleniumPackage1.SeleniumProject1.Amz_VerifyLoginTest" time="4.397" errors="0" timestamp="2024-10-28T00:57:38 IST" skipped="0">
  <testcase classname="SeleniumPackage1.SeleniumProject1.Amz_VerifyLoginTest" name="LoginTest" time="4.397"/>
  <system-out>
    <![CDATA[Test Case is Pass]]>
  </system-out>
</testsuite> <!-- SeleniumPackage1.SeleniumProject1.Amz_VerifyLoginTest -->
