<?xml version="1.0" encoding="UTF-8"?>
<!-- Generated by org.testng.reporters.JUnitReportReporter -->
<testsuite hostname="NOI-PG037B2M" failures="0" tests="1" name="SeleniumPackage1.SeleniumProject1.DataSheet" time="0.948" errors="0" timestamp="2024-10-28T00:47:44 IST" skipped="0">
  <testcase classname="SeleniumPackage1.SeleniumProject1.DataSheet" name="getData" time="0.948"/>
  <system-out/>
</testsuite> <!-- SeleniumPackage1.SeleniumProject1.DataSheet -->
