<?xml version="1.0" encoding="UTF-8"?>
<!-- Generated by org.testng.reporters.JUnitReportReporter -->
<testsuite hostname="NOI-PG037B2M" failures="0" tests="1" name="SeleniumPackage1.SeleniumProject1.Amz_LoginFail_Test" time="5.148" errors="0" timestamp="2024-11-04T00:10:22 IST" skipped="0">
  <testcase classname="SeleniumPackage1.SeleniumProject1.Amz_LoginFail_Test" name="Login_Fail_Test" time="5.148">
    <system-out>
      <![CDATA[Test case is Pass]]>
    </system-out>
  </testcase> <!-- Login_Fail_Test -->
  <system-out>
    <![CDATA[Test case is Pass
Test case is Pass
Test case is Pass
Test case is Pass]]>
  </system-out>
</testsuite> <!-- SeleniumPackage1.SeleniumProject1.Amz_LoginFail_Test -->
