<?xml version="1.0" encoding="UTF-8"?>
<!-- Generated by org.testng.reporters.JUnitReportReporter -->
<testsuite hostname="NOI-PG037B2M" failures="0" tests="1" name="SeleniumPackage1.SeleniumProject1.Amz_Homepage_Test" time="14.403" errors="0" timestamp="2024-11-04T00:10:22 IST" skipped="0">
  <testcase classname="SeleniumPackage1.SeleniumProject1.Amz_Homepage_Test" name="Homepage_Test" time="14.403">
    <system-out>
      <![CDATA[Test case is Pass]]>
    </system-out>
  </testcase> <!-- Homepage_Test -->
  <system-out>
    <![CDATA[Test case is Pass
Test case is Pass
Test case is Pass
Test case is Pass]]>
  </system-out>
</testsuite> <!-- SeleniumPackage1.SeleniumProject1.Amz_Homepage_Test -->
